<?xml version="1.0" encoding="UTF-8"?>
<!-- Generated by org.testng.reporters.JUnitReportReporter -->
<testsuite skipped="0" hostname="HP" name="runners.TES_1$Test" tests="1" failures="0" timestamp="22 Oct 2018 10:56:33 GMT" time="22.556" errors="0">
  <testcase name="feature" time="22.556" classname="runners.TES_1$Test"/>
</testsuite> <!-- runners.TES_1$Test -->
