<?xml version="1.0" encoding="UTF-8"?>
<!-- Generated by org.testng.reporters.JUnitReportReporter -->
<testsuite skipped="0" hostname="HP" name="demo.TC001" tests="1" failures="0" timestamp="19 Oct 2018 04:28:48 GMT" time="58.956" errors="0">
  <testcase name="testGoogle" time="58.956" classname="demo.TC001"/>
</testsuite> <!-- demo.TC001 -->
